id:0 gen:6 ev:0 age:0 best:57.2% goal:false 0:0:6 5:4:1
id:0 gen:2 ev:7 age:1 best:57.2% goal:false 0:5:2 1:0:7 4:3:2 5:2:1 7:1:1
id:0 gen:2 ev:13 age:2 best:60.3% goal:false 0:7:2 1:4:13 2:6:1 3:0:2 4:1:2 8:2:1
id:0 gen:5 ev:21 age:3 best:61.1% goal:false 0:11:5 1:1:21 2:0:5 3:19:1 4:2:3 6:27:1 8:3:2
id:0 gen:5 ev:38 age:4 best:63.0% goal:false 0:25:5 1:1:38 2:14:3 3:2:6 4:0:3 5:23:1 6:17:2
id:0 gen:4 ev:58 age:5 best:63.0% goal:false 0:4:4 1:0:58 2:1:13 3:20:5 4:7:2 8:5:1
id:0 gen:2 ev:83 age:6 best:63.3% goal:false 0:37:2 1:1:83 2:5:17 3:0:7 4:19:4 5:27:1 6:87:1 7:31:1
id:0 gen:5 ev:116 age:7 best:63.4% goal:false 0:54:5 1:1:116 2:0:16 3:22:10 4:4:12 6:15:3
id:0 gen:5 ev:162 age:8 best:66.9% goal:false 0:32:5 1:2:162 2:10:26 3:6:20 4:1:15 5:29:2 8:0:1
id:0 gen:1 ev:231 age:9 best:67.0% goal:false 0:280:1 1:1:231 2:0:33 3:2:24 4:13:23 6:244:1
id:0 gen:6 ev:313 age:10 best:67.0% goal:false 0:289:6 1:0:313 2:3:46 3:5:38 4:4:30 6:186:1 7:128:1
id:0 gen:5 ev:435 age:11 best:67.1% goal:false 0:90:5 1:1:435 2:8:86 3:10:43 4:4:36 5:447:1 6:336:1 8:0:2
id:0 gen:1 ev:609 age:12 best:68.6% goal:false 0:753:1 1:1:609 2:10:98 3:0:57 4:4:54 5:608:1 6:732:1
id:0 gen:2 ev:698 age:13 best:68.6% goal:false 0:362:2 1:0:698 2:16:140 3:9:85 4:4:73 5:322:1 7:246:1
id:0 gen:3 ev:613 age:14 best:69.6% goal:false 0:990:3 1:1:613 2:3:180 3:0:105 4:2:95 5:988:2 6:916:2
id:0 gen:5 ev:618 age:15 best:69.7% goal:false 0:984:5 1:1:618 2:8:175 3:0:97 4:5:103 8:2:2
id:0 gen:2 ev:654 age:16 best:70.2% goal:false 0:997:2 1:3:654 2:2:153 3:6:103 4:8:85 7:993:1 8:0:2
id:0 gen:4 ev:639 age:17 best:73.1% goal:false 0:992:4 1:2:639 2:5:173 3:0:97 4:4:85 5:997:1 7:988:1
id:0 gen:6 ev:620 age:18 best:73.1% goal:false 0:990:6 1:0:620 2:5:180 3:3:89 4:1:103 5:989:1 7:995:1
id:0 gen:4 ev:645 age:19 best:73.7% goal:false 0:993:4 1:1:645 2:0:194 3:7:76 4:9:80 8:4:1
id:0 gen:4 ev:658 age:20 best:73.7% goal:false 0:992:4 1:0:658 2:6:181 3:14:68 4:5:87 5:998:1 7:990:1
id:0 gen:5 ev:693 age:21 best:74.4% goal:false 0:992:5 1:2:693 2:1:155 3:6:68 4:0:78 6:993:1
id:0 gen:3 ev:696 age:22 best:77.8% goal:false 0:995:3 1:3:696 2:2:155 3:0:69 4:1:77
id:0 gen:8 ev:702 age:23 best:77.8% goal:false 0:989:8 1:0:702 2:39:139 3:4:56 4:2:93 5:992:1 6:995:1
id:0 gen:4 ev:717 age:24 best:77.8% goal:false 0:995:4 1:0:717 2:1:153 3:2:62 4:5:61 5:994:1 6:996:1 7:991:1
id:0 gen:1 ev:727 age:25 best:77.8% goal:false 0:997:1 1:0:727 2:1:135 3:8:63 4:21:74
id:0 gen:2 ev:695 age:26 best:78.3% goal:false 0:998:2 1:2:695 2:0:157 3:1:57 4:5:87 5:996:1 6:997:1
id:0 gen:7 ev:686 age:27 best:78.3% goal:false 0:987:7 1:0:686 2:4:154 3:13:74 4:5:72 5:996:1 6:990:2 7:986:3 8:3:1
id:0 gen:3 ev:710 age:28 best:78.3% goal:false 0:996:3 1:0:710 2:3:139 3:13:67 4:5:79 6:993:1 7:995:1
id:0 gen:4 ev:718 age:29 best:78.3% goal:false 0:993:4 1:0:718 2:1:157 3:54:60 4:15:58 6:995:1 7:992:2
id:0 gen:4 ev:707 age:30 best:78.6% goal:false 0:995:4 1:3:707 2:0:162 3:25:48 4:2:79
id:0 gen:5 ev:728 age:31 best:78.6% goal:false 0:992:5 1:0:728 2:2:155 3:17:46 4:7:63 5:996:1 6:993:2
id:0 gen:8 ev:751 age:32 best:78.7% goal:false 0:987:8 1:1:751 2:2:143 3:44:40 4:10:55 5:992:1 7:988:1 8:0:1
id:0 gen:4 ev:734 age:33 best:78.7% goal:false 0:989:4 1:1:734 2:0:151 3:33:45 4:9:63 6:991:2 7:992:1
id:0 gen:3 ev:745 age:34 best:79.1% goal:false 0:996:3 1:1:745 2:3:144 3:0:45 4:21:60 5:994:2 7:992:1
id:0 gen:2 ev:757 age:35 best:79.1% goal:false 0:998:2 1:0:757 2:2:140 3:22:45 4:1:55 7:997:1
